#
# A fatal error has been detected by the Java Runtime Environment:
#
#  EXCEPTION_ACCESS_VIOLATION (0xc0000005) at pc=0x000000006b9af93b, pid=10780, tid=0x000000000000227c
#
# JRE version: OpenJDK Runtime Environment (8.0_242-b01) (build 1.8.0_242-release-1644-b01)
# Java VM: OpenJDK 64-Bit Server VM (25.242-b01 mixed mode windows-amd64 compressed oops)
# Problematic frame:
# V  [jvm.dll+0xef93b]
#
# Failed to write core dump. Minidumps are not enabled by default on client versions of Windows
#
# If you would like to submit a bug report, please visit:
#   
#

---------------  T H R E A D  ---------------

Current thread (0x000000000235a000):  GCTaskThread [stack: 0x0000000012150000,0x0000000012250000] [id=8828]

siginfo: ExceptionCode=0xc0000005, reading address 0x0000000000000030

Registers:
RAX=0x0000000012350000, RBX=0x0000000082b90228, RCX=0x0000000000000003, RDX=0x0000000000000001
RSP=0x000000001224f180, RBP=0x0000000082baebb4, RSI=0x000000000242b160, RDI=0x000000000242b160
R8 =0x0000000000000028, R9 =0x00000001003ef318, R10=0x000000000000000c, R11=0x000000006be8fa28
R12=0x0000000082baebc0, R13=0x00000001003ef550, R14=0x00000001003ef558, R15=0x0000000082baeba0
RIP=0x000000006b9af93b, EFLAGS=0x0000000000010206

Top of Stack: (sp=0x000000001224f180)
0x000000001224f180:   00000001003ef318 00000000823fceb4
0x000000001224f190:   0000000000000003 000000006bab9622
0x000000001224f1a0:   0000000000000000 00000000000003d8
0x000000001224f1b0:   000000000235ac28 000000000234d3b0
0x000000001224f1c0:   00000000000012f7 000000006bc89af0
0x000000001224f1d0:   00000000178ca800 0000000016fc65b0
0x000000001224f1e0:   000000000242b160 000000000235a850
0x000000001224f1f0:   0000000000000000 0000000000000c00
0x000000001224f200:   0000000000000000 0000000000000000
0x000000001224f210:   0000000000000000 000000002d856000
0x000000001224f220:   0000000000000001 000000002d29d701
0x000000001224f230:   0000042104dd4642 000000000235ac28
0x000000001224f240:   000000000235a850 00000000000003d8
0x000000001224f250:   000000000235a850 000000000234d3b0
0x000000001224f260:   000000000235a840 0000000016fc65b0
0x000000001224f270:   000000000242b160 000000006bc86a93 

Instructions: (pc=0x000000006b9af93b)
0x000000006b9af91b:   6d 00 84 d2 74 16 44 8b 43 08 8b 0d 8d 5d 67 00
0x000000006b9af92b:   49 d3 e0 4c 03 05 7b 5d 67 00 eb 04 4c 8b 43 08
0x000000006b9af93b:   45 8b 48 08 45 85 c9 7e 0c 41 f6 c1 01 75 4b 41
0x000000006b9af94b:   c1 f9 03 eb 57 79 43 84 d2 41 8b c9 b8 10 00 00 


Register to memory mapping:

RAX=0x0000000012350000 is an unknown value
RBX=0x0000000082b90228 is pointing into object: 0x0000000082b90210
java.lang.reflect.Method 
 - klass: 'java/lang/reflect/Method'
RCX=0x0000000000000003 is an unknown value
RDX=0x0000000000000001 is an unknown value
RSP=0x000000001224f180 is an unknown value
RBP=0x0000000082baebb4 is pointing into object: 0x0000000082baeba0
groovy.lang.MetaBeanProperty 
 - klass: 'groovy/lang/MetaBeanProperty'
RSI=0x000000000242b160 is an unknown value
RDI=0x000000000242b160 is an unknown value
R8 =0x0000000000000028 is an unknown value
R9 =0x00000001003ef318 is pointing into metadata
R10=0x000000000000000c is an unknown value
R11=0x000000006be8fa28 is an unknown value
R12=0x0000000082baebc0 is an oop
org.codehaus.groovy.util.SingleKeyHashMap$Entry 
 - klass: 'org/codehaus/groovy/util/SingleKeyHashMap$Entry'
R13=0x00000001003ef550 is pointing into metadata
R14=0x00000001003ef558 is pointing into metadata
R15=0x0000000082baeba0 is an oop
groovy.lang.MetaBeanProperty 
 - klass: 'groovy/lang/MetaBeanProperty'


Stack: [0x0000000012150000,0x0000000012250000],  sp=0x000000001224f180,  free space=1020k
Native frames: (J=compiled Java code, j=interpreted, Vv=VM code, C=native code)
V  [jvm.dll+0xef93b]
V  [jvm.dll+0x3c9af0]
V  [jvm.dll+0x3c6a93]
V  [jvm.dll+0x3c482e]
V  [jvm.dll+0x27276a]
C  [msvcr100.dll+0x21d9f]
C  [msvcr100.dll+0x21e3b]
C  [KERNEL32.DLL+0x13034]
C  [ntdll.dll+0x71431]


---------------  P R O C E S S  ---------------

Java Threads: ( => current thread )
  0x000000002d856000 JavaThread "WorkerExecutor Queue Thread 4" [_thread_blocked, id=3464, stack(0x00000000488d0000,0x00000000489d0000)]
  0x000000002d851800 JavaThread "WorkerExecutor Queue Thread 3" [_thread_blocked, id=4888, stack(0x00000000487d0000,0x00000000488d0000)]
  0x000000002d855000 JavaThread "WorkerExecutor Queue Thread 2" [_thread_blocked, id=11252, stack(0x00000000486d0000,0x00000000487d0000)]
  0x000000002d854800 JavaThread "WorkerExecutor Queue" [_thread_blocked, id=11184, stack(0x00000000485d0000,0x00000000486d0000)]
  0x000000002d853000 JavaThread "Cache worker for execution history cache (F:\TranningSessions\mapGrid\.gradle\6.5\executionHistory)" [_thread_blocked, id=4264, stack(0x00000000484d0000,0x00000000485d0000)]
  0x0000000020949000 JavaThread "Execution worker for ':' Thread 3" [_thread_blocked, id=8920, stack(0x00000000483d0000,0x00000000484d0000)]
  0x0000000020947800 JavaThread "Execution worker for ':' Thread 2" [_thread_blocked, id=9728, stack(0x00000000482d0000,0x00000000483d0000)]
  0x0000000020948000 JavaThread "Execution worker for ':'" [_thread_blocked, id=7356, stack(0x00000000481d0000,0x00000000482d0000)]
  0x000000002094a800 JavaThread "Cache worker for file content cache (F:\TranningSessions\mapGrid\.gradle\6.5\fileContent)" [_thread_blocked, id=11228, stack(0x00000000480d0000,0x00000000481d0000)]
  0x0000000020944800 JavaThread "Cache worker for Build Output Cleanup Cache (F:\TranningSessions\mapGrid\.gradle\buildOutputCleanup)" [_thread_blocked, id=4004, stack(0x0000000047fd0000,0x00000000480d0000)]
  0x0000000020949800 JavaThread "jar transforms Thread 457" [_thread_blocked, id=7592, stack(0x0000000047ed0000,0x0000000047fd0000)]
  0x0000000020946800 JavaThread "jar transforms Thread 456" [_thread_blocked, id=1176, stack(0x0000000047dd0000,0x0000000047ed0000)]
  0x0000000020946000 JavaThread "jar transforms Thread 455" [_thread_blocked, id=10864, stack(0x0000000047cd0000,0x0000000047dd0000)]
  0x0000000020945000 JavaThread "jar transforms Thread 454" [_thread_blocked, id=5828, stack(0x0000000047bd0000,0x0000000047cd0000)]
  0x0000000020943800 JavaThread "jar transforms Thread 453" [_thread_blocked, id=4072, stack(0x0000000047ad0000,0x0000000047bd0000)]
  0x000000002093c000 JavaThread "jar transforms Thread 452" [_thread_blocked, id=4424, stack(0x00000000479d0000,0x0000000047ad0000)]
  0x0000000020943000 JavaThread "jar transforms Thread 451" [_thread_blocked, id=2828, stack(0x00000000478d0000,0x00000000479d0000)]
  0x0000000020940000 JavaThread "jar transforms Thread 450" [_thread_blocked, id=5544, stack(0x00000000477d0000,0x00000000478d0000)]
  0x000000002093d800 JavaThread "jar transforms Thread 449" [_thread_blocked, id=9808, stack(0x00000000476d0000,0x00000000477d0000)]
  0x000000002093b000 JavaThread "jar transforms Thread 448" [_thread_blocked, id=6200, stack(0x00000000475d0000,0x00000000476d0000)]
  0x000000002093f000 JavaThread "jar transforms Thread 447" [_thread_blocked, id=8848, stack(0x00000000474d0000,0x00000000475d0000)]
  0x0000000020941800 JavaThread "jar transforms Thread 446" [_thread_blocked, id=9360, stack(0x00000000473d0000,0x00000000474d0000)]
  0x0000000020940800 JavaThread "jar transforms Thread 445" [_thread_blocked, id=8348, stack(0x00000000472d0000,0x00000000473d0000)]
  0x000000002093d000 JavaThread "jar transforms Thread 444" [_thread_blocked, id=3680, stack(0x00000000471d0000,0x00000000472d0000)]
  0x0000000020942000 JavaThread "jar transforms Thread 443" [_thread_blocked, id=6080, stack(0x00000000470d0000,0x00000000471d0000)]
  0x000000002093e800 JavaThread "jar transforms Thread 442" [_thread_blocked, id=1456, stack(0x0000000046fd0000,0x00000000470d0000)]
  0x000000001a9c8800 JavaThread "jar transforms Thread 441" [_thread_blocked, id=1260, stack(0x0000000046ed0000,0x0000000046fd0000)]
  0x000000001a9c8000 JavaThread "jar transforms Thread 440" [_thread_blocked, id=10776, stack(0x0000000046dd0000,0x0000000046ed0000)]
  0x000000001a9cc000 JavaThread "jar transforms Thread 439" [_thread_blocked, id=6396, stack(0x0000000046cd0000,0x0000000046dd0000)]
  0x000000001a9c7000 JavaThread "jar transforms Thread 438" [_thread_blocked, id=8996, stack(0x0000000046bd0000,0x0000000046cd0000)]
  0x000000001a9cb000 JavaThread "jar transforms Thread 437" [_thread_blocked, id=1468, stack(0x0000000046ad0000,0x0000000046bd0000)]
  0x000000001a9c6800 JavaThread "jar transforms Thread 436" [_thread_blocked, id=3920, stack(0x00000000469d0000,0x0000000046ad0000)]
  0x000000001a9cd800 JavaThread "jar transforms Thread 435" [_thread_blocked, id=1020, stack(0x00000000468d0000,0x00000000469d0000)]
  0x000000001a9c9800 JavaThread "jar transforms Thread 434" [_thread_blocked, id=7332, stack(0x00000000467d0000,0x00000000468d0000)]
  0x000000001b1de000 JavaThread "jar transforms Thread 433" [_thread_blocked, id=3412, stack(0x00000000466d0000,0x00000000467d0000)]
  0x000000001b1d6000 JavaThread "jar transforms Thread 432" [_thread_blocked, id=2652, stack(0x00000000465d0000,0x00000000466d0000)]
  0x000000001b1d8800 JavaThread "jar transforms Thread 431" [_thread_blocked, id=6516, stack(0x00000000464d0000,0x00000000465d0000)]
  0x000000001b1d9000 JavaThread "jar transforms Thread 430" [_thread_blocked, id=10700, stack(0x00000000463d0000,0x00000000464d0000)]
  0x000000001b1dd000 JavaThread "jar transforms Thread 429" [_thread_blocked, id=2344, stack(0x00000000462d0000,0x00000000463d0000)]
  0x000000001b1d5800 JavaThread "jar transforms Thread 428" [_thread_blocked, id=1816, stack(0x00000000461d0000,0x00000000462d0000)]
  0x000000001b1db800 JavaThread "jar transforms Thread 427" [_thread_blocked, id=104, stack(0x00000000460d0000,0x00000000461d0000)]
  0x000000001b1da000 JavaThread "jar transforms Thread 426" [_thread_blocked, id=9688, stack(0x0000000045fd0000,0x00000000460d0000)]
  0x000000001b1db000 JavaThread "jar transforms Thread 425" [_thread_blocked, id=11048, stack(0x0000000045ed0000,0x0000000045fd0000)]
  0x000000001b1dc800 JavaThread "jar transforms Thread 424" [_thread_blocked, id=9540, stack(0x0000000045dd0000,0x0000000045ed0000)]
  0x000000001b1d1000 JavaThread "jar transforms Thread 423" [_thread_blocked, id=6192, stack(0x0000000045cd0000,0x0000000045dd0000)]
  0x000000001b1d7800 JavaThread "jar transforms Thread 422" [_thread_blocked, id=7804, stack(0x0000000045bd0000,0x0000000045cd0000)]
  0x000000001b1d4800 JavaThread "jar transforms Thread 421" [_thread_blocked, id=6008, stack(0x0000000045ad0000,0x0000000045bd0000)]
  0x000000001b1d2800 JavaThread "jar transforms Thread 420" [_thread_blocked, id=8668, stack(0x00000000459d0000,0x0000000045ad0000)]
  0x000000001dfad800 JavaThread "jar transforms Thread 419" [_thread_blocked, id=4836, stack(0x00000000458d0000,0x00000000459d0000)]
  0x000000001dfaf000 JavaThread "jar transforms Thread 418" [_thread_blocked, id=10348, stack(0x00000000457d0000,0x00000000458d0000)]
  0x000000001dfaf800 JavaThread "jar transforms Thread 417" [_thread_blocked, id=7344, stack(0x00000000456d0000,0x00000000457d0000)]
  0x000000001dfae000 JavaThread "jar transforms Thread 416" [_thread_blocked, id=6848, stack(0x00000000455d0000,0x00000000456d0000)]
  0x000000001dfac000 JavaThread "jar transforms Thread 415" [_thread_blocked, id=10108, stack(0x00000000454d0000,0x00000000455d0000)]
  0x000000001dfa4800 JavaThread "jar transforms Thread 414" [_thread_blocked, id=3016, stack(0x00000000453d0000,0x00000000454d0000)]
  0x000000001dfab000 JavaThread "jar transforms Thread 413" [_thread_blocked, id=10764, stack(0x00000000452d0000,0x00000000453d0000)]
  0x000000001dfaa800 JavaThread "jar transforms Thread 412" [_thread_blocked, id=2708, stack(0x00000000451d0000,0x00000000452d0000)]
  0x000000001dfa3800 JavaThread "jar transforms Thread 411" [_thread_blocked, id=9572, stack(0x00000000450d0000,0x00000000451d0000)]
  0x000000001dfa7800 JavaThread "jar transforms Thread 410" [_thread_blocked, id=5400, stack(0x0000000044fd0000,0x00000000450d0000)]
  0x000000001dfa3000 JavaThread "jar transforms Thread 409" [_thread_blocked, id=9776, stack(0x0000000044ed0000,0x0000000044fd0000)]
  0x000000001dfa2000 JavaThread "jar transforms Thread 408" [_thread_blocked, id=5876, stack(0x0000000044dd0000,0x0000000044ed0000)]
  0x000000001dfa6800 JavaThread "jar transforms Thread 407" [_thread_blocked, id=8216, stack(0x0000000044cd0000,0x0000000044dd0000)]
  0x000000001dfa1800 JavaThread "jar transforms Thread 406" [_thread_blocked, id=764, stack(0x0000000044bd0000,0x0000000044cd0000)]
  0x000000002d8b8800 JavaThread "jar transforms Thread 405" [_thread_blocked, id=5444, stack(0x0000000044ad0000,0x0000000044bd0000)]
  0x000000002d8b8000 JavaThread "jar transforms Thread 404" [_thread_blocked, id=10296, stack(0x00000000449d0000,0x0000000044ad0000)]
  0x000000002d8b7000 JavaThread "jar transforms Thread 403" [_thread_blocked, id=5636, stack(0x00000000448d0000,0x00000000449d0000)]
  0x000000002d8b9800 JavaThread "jar transforms Thread 402" [_thread_blocked, id=216, stack(0x00000000447d0000,0x00000000448d0000)]
  0x000000002d8b6800 JavaThread "jar transforms Thread 401" [_thread_blocked, id=296, stack(0x00000000446d0000,0x00000000447d0000)]
  0x000000002d8ae000 JavaThread "jar transforms Thread 400" [_thread_blocked, id=3076, stack(0x00000000445d0000,0x00000000446d0000)]
  0x000000002d8b5000 JavaThread "jar transforms Thread 399" [_thread_blocked, id=1396, stack(0x00000000444d0000,0x00000000445d0000)]
  0x000000002d8ad800 JavaThread "jar transforms Thread 398" [_thread_blocked, id=10680, stack(0x00000000443d0000,0x00000000444d0000)]
  0x000000002d8b0800 JavaThread "jar transforms Thread 397" [_thread_blocked, id=10508, stack(0x00000000442d0000,0x00000000443d0000)]
  0x000000002d8b3800 JavaThread "jar transforms Thread 396" [_thread_blocked, id=2832, stack(0x00000000441d0000,0x00000000442d0000)]
  0x000000002d8b2800 JavaThread "jar transforms Thread 395" [_thread_blocked, id=10236, stack(0x00000000440d0000,0x00000000441d0000)]
  0x000000002d8af000 JavaThread "jar transforms Thread 394" [_thread_blocked, id=3084, stack(0x0000000043fd0000,0x00000000440d0000)]
  0x000000002d8b4000 JavaThread "jar transforms Thread 393" [_thread_blocked, id=180, stack(0x0000000043ed0000,0x0000000043fd0000)]
  0x000000002d8af800 JavaThread "jar transforms Thread 392" [_thread_blocked, id=1128, stack(0x0000000043dd0000,0x0000000043ed0000)]
  0x000000002d8b1000 JavaThread "jar transforms Thread 391" [_thread_blocked, id=8344, stack(0x0000000043cd0000,0x0000000043dd0000)]
  0x000000002d8ac800 JavaThread "jar transforms Thread 390" [_thread_blocked, id=10644, stack(0x0000000043bd0000,0x0000000043cd0000)]
  0x000000002d8b2000 JavaThread "jar transforms Thread 389" [_thread_blocked, id=5700, stack(0x0000000043ad0000,0x0000000043bd0000)]
  0x000000002d8ac000 JavaThread "jar transforms Thread 388" [_thread_blocked, id=6736, stack(0x00000000439d0000,0x0000000043ad0000)]
  0x000000002d8ab000 JavaThread "jar transforms Thread 387" [_thread_blocked, id=188, stack(0x00000000438d0000,0x00000000439d0000)]
  0x000000001b7af800 JavaThread "jar transforms Thread 386" [_thread_blocked, id=9444, stack(0x00000000437d0000,0x00000000438d0000)]
  0x000000001b7ad800 JavaThread "jar transforms Thread 385" [_thread_blocked, id=876, stack(0x00000000436d0000,0x00000000437d0000)]
  0x000000001b7ac800 JavaThread "jar transforms Thread 384" [_thread_blocked, id=1884, stack(0x00000000435d0000,0x00000000436d0000)]
  0x000000001b7ae000 JavaThread "jar transforms Thread 383" [_thread_blocked, id=8356, stack(0x00000000434d0000,0x00000000435d0000)]
  0x000000001b7b0800 JavaThread "jar transforms Thread 382" [_thread_blocked, id=2372, stack(0x00000000433d0000,0x00000000434d0000)]
  0x000000001b7ac000 JavaThread "jar transforms Thread 381" [_thread_blocked, id=6156, stack(0x00000000432d0000,0x00000000433d0000)]
  0x000000001b7a4800 JavaThread "jar transforms Thread 380" [_thread_blocked, id=8308, stack(0x00000000431d0000,0x00000000432d0000)]
  0x000000001b7ab000 JavaThread "jar transforms Thread 379" [_thread_blocked, id=3192, stack(0x00000000430d0000,0x00000000431d0000)]
  0x000000001b7a3800 JavaThread "jar transforms Thread 378" [_thread_blocked, id=6888, stack(0x0000000042fd0000,0x00000000430d0000)]
  0x000000001b7aa800 JavaThread "jar transforms Thread 377" [_thread_blocked, id=7732, stack(0x0000000042ed0000,0x0000000042fd0000)]
  0x000000001b7a3000 JavaThread "jar transforms Thread 376" [_thread_blocked, id=3592, stack(0x0000000042dd0000,0x0000000042ed0000)]
  0x000000001b7a9800 JavaThread "jar transforms Thread 375" [_thread_blocked, id=6180, stack(0x0000000042cd0000,0x0000000042dd0000)]
  0x000000001b7a9000 JavaThread "jar transforms Thread 374" [_thread_blocked, id=7880, stack(0x0000000042bd0000,0x0000000042cd0000)]
  0x000000001b7a1800 JavaThread "jar transforms Thread 373" [_thread_blocked, id=5784, stack(0x0000000042ad0000,0x0000000042bd0000)]
  0x000000001b7a8000 JavaThread "jar transforms Thread 372" [_thread_blocked, id=10152, stack(0x00000000429d0000,0x0000000042ad0000)]
  0x000000001b7a7800 JavaThread "jar transforms Thread 371" [_thread_blocked, id=4476, stack(0x00000000428d0000,0x00000000429d0000)]
  0x000000001b7a6000 JavaThread "jar transforms Thread 370" [_thread_blocked, id=1420, stack(0x00000000427d0000,0x00000000428d0000)]
  0x000000001b7a5000 JavaThread "jar transforms Thread 369" [_thread_blocked, id=212, stack(0x00000000426d0000,0x00000000427d0000)]
  0x000000001b7a2000 JavaThread "jar transforms Thread 368" [_thread_blocked, id=7060, stack(0x00000000425d0000,0x00000000426d0000)]
  0x000000001a0da800 JavaThread "jar transforms Thread 367" [_thread_blocked, id=1732, stack(0x00000000424d0000,0x00000000425d0000)]
  0x000000001a0d9800 JavaThread "jar transforms Thread 366" [_thread_blocked, id=7132, stack(0x00000000423d0000,0x00000000424d0000)]
  0x000000001a0d9000 JavaThread "jar transforms Thread 365" [_thread_blocked, id=10712, stack(0x00000000422d0000,0x00000000423d0000)]
  0x000000001a0d8000 JavaThread "jar transforms Thread 364" [_thread_blocked, id=7100, stack(0x00000000421d0000,0x00000000422d0000)]
  0x000000001a0d7800 JavaThread "jar transforms Thread 363" [_thread_blocked, id=3608, stack(0x00000000420d0000,0x00000000421d0000)]
  0x000000001a0d6800 JavaThread "jar transforms Thread 362" [_thread_blocked, id=6688, stack(0x0000000041fd0000,0x00000000420d0000)]
  0x000000001a0cf000 JavaThread "jar transforms Thread 361" [_thread_blocked, id=1696, stack(0x0000000041ed0000,0x0000000041fd0000)]
  0x000000001a0d6000 JavaThread "jar transforms Thread 360" [_thread_blocked, id=4500, stack(0x0000000041dd0000,0x0000000041ed0000)]
  0x000000001a0d3000 JavaThread "jar transforms Thread 359" [_thread_blocked, id=1228, stack(0x0000000041cd0000,0x0000000041dd0000)]
  0x000000001a0d0800 JavaThread "jar transforms Thread 358" [_thread_blocked, id=1296, stack(0x0000000041bd0000,0x0000000041cd0000)]
  0x000000001a0d2000 JavaThread "jar transforms Thread 357" [_thread_blocked, id=5628, stack(0x0000000041ad0000,0x0000000041bd0000)]
  0x000000001a0d5000 JavaThread "jar transforms Thread 356" [_thread_blocked, id=2004, stack(0x00000000419d0000,0x0000000041ad0000)]
  0x000000001a0d0000 JavaThread "jar transforms Thread 355" [_thread_blocked, id=1252, stack(0x00000000418d0000,0x00000000419d0000)]
  0x000000001a0d4800 JavaThread "jar transforms Thread 354" [_thread_blocked, id=6696, stack(0x00000000417d0000,0x00000000418d0000)]
  0x000000001a0ce800 JavaThread "jar transforms Thread 353" [_thread_blocked, id=5484, stack(0x00000000416d0000,0x00000000417d0000)]
  0x000000001a0d3800 JavaThread "jar transforms Thread 352" [_thread_blocked, id=7844, stack(0x00000000415d0000,0x00000000416d0000)]
  0x000000001a0cd800 JavaThread "jar transforms Thread 351" [_thread_blocked, id=6804, stack(0x00000000414d0000,0x00000000415d0000)]
  0x000000001a0cd000 JavaThread "jar transforms Thread 350" [_thread_blocked, id=9832, stack(0x00000000413d0000,0x00000000414d0000)]
  0x000000001a0cb800 JavaThread "jar transforms Thread 349" [_thread_blocked, id=1912, stack(0x00000000412d0000,0x00000000413d0000)]
  0x00000000208a2800 JavaThread "jar transforms Thread 348" [_thread_blocked, id=5724, stack(0x00000000411d0000,0x00000000412d0000)]
  0x00000000208a3800 JavaThread "jar transforms Thread 347" [_thread_blocked, id=4404, stack(0x00000000410d0000,0x00000000411d0000)]
  0x00000000208a2000 JavaThread "jar transforms Thread 346" [_thread_blocked, id=4936, stack(0x0000000040fd0000,0x00000000410d0000)]
  0x00000000208a1000 JavaThread "jar transforms Thread 345" [_thread_blocked, id=11136, stack(0x0000000040ed0000,0x0000000040fd0000)]
  0x000000002089f800 JavaThread "jar transforms Thread 344" [_thread_blocked, id=7752, stack(0x0000000040dd0000,0x0000000040ed0000)]
  0x000000002089f000 JavaThread "Build operations Thread 4" [_thread_blocked, id=7660, stack(0x0000000040cd0000,0x0000000040dd0000)]
  0x0000000020897800 JavaThread "Build operations Thread 3" [_thread_blocked, id=1044, stack(0x0000000040bd0000,0x0000000040cd0000)]
  0x000000002089e000 JavaThread "Build operations Thread 2" [_thread_blocked, id=9236, stack(0x0000000040ad0000,0x0000000040bd0000)]
  0x000000002089d800 JavaThread "Build operations" [_thread_blocked, id=10436, stack(0x00000000409d0000,0x0000000040ad0000)]
  0x0000000020898000 JavaThread "Cache worker for cache directory md-rule (C:\Users\Admin\.gradle\wrapper\dists\gradle-6.5-all\caches\6.5\md-rule)" [_thread_blocked, id=9408, stack(0x00000000408d0000,0x00000000409d0000)]
  0x000000002089c800 JavaThread "Cache worker for cache directory md-supplier (C:\Users\Admin\.gradle\wrapper\dists\gradle-6.5-all\caches\6.5\md-supplier)" [_thread_blocked, id=1116, stack(0x00000000407d0000,0x00000000408d0000)]
  0x000000002089a800 JavaThread "Cache worker for checksums cache (F:\TranningSessions\mapGrid\.gradle\checksums)" [_thread_blocked, id=3080, stack(0x00000000406d0000,0x00000000407d0000)]
  0x000000002089c000 JavaThread "Cache worker for file hash cache (F:\TranningSessions\mapGrid\.gradle\6.5\fileHashes)" [_thread_blocked, id=4032, stack(0x00000000405d0000,0x00000000406d0000)]
  0x0000000020896000 JavaThread "Thread-413" [_thread_blocked, id=10804, stack(0x00000000404d0000,0x00000000405d0000)]
  0x0000000020899800 JavaThread "Stdin handler" [_thread_blocked, id=6712, stack(0x00000000403d0000,0x00000000404d0000)]
  0x0000000020899000 JavaThread "Asynchronous log dispatcher for DefaultDaemonConnection: socket connection from /127.0.0.1:49870 to /127.0.0.1:50440" [_thread_blocked, id=8032, stack(0x00000000402d0000,0x00000000403d0000)]
  0x0000000020896800 JavaThread "Daemon worker Thread 3" [_thread_blocked, id=1196, stack(0x00000000401d0000,0x00000000402d0000)]
  0x0000000020894800 JavaThread "Cancel handler" [_thread_blocked, id=9336, stack(0x00000000400d0000,0x00000000401d0000)]
  0x0000000020895000 JavaThread "Handler for socket connection from /127.0.0.1:49870 to /127.0.0.1:50440" [_thread_in_native, id=10768, stack(0x000000003ffd0000,0x00000000400d0000)]
  0x000000002089b000 JavaThread "Daemon Thread 3" [_thread_blocked, id=3316, stack(0x000000003fed0000,0x000000003ffd0000)]
  0x000000001b1d4000 JavaThread "Memory manager" [_thread_blocked, id=7992, stack(0x000000002bff0000,0x000000002c0f0000)]
  0x000000001dfa9000 JavaThread "Cache worker for file content cache (C:\Users\Admin\.gradle\wrapper\dists\gradle-6.5-all\caches\6.5\fileContent)" [_thread_blocked, id=10532, stack(0x0000000022870000,0x0000000022970000)]
  0x000000001dfac800 JavaThread "Cache worker for execution history cache (C:\Users\Admin\.gradle\wrapper\dists\gradle-6.5-all\caches\6.5\executionHistory)" [_thread_blocked, id=5888, stack(0x0000000022370000,0x0000000022470000)]
  0x000000001a9cc800 JavaThread "Cache worker for file hash cache (C:\Users\Admin\.gradle\wrapper\dists\gradle-6.5-all\caches\6.5\fileHashes)" [_thread_blocked, id=9648, stack(0x000000001d150000,0x000000001d250000)]
  0x000000001a9ca000 JavaThread "File lock request listener" [_thread_in_native, id=9644, stack(0x000000001d050000,0x000000001d150000)]
  0x000000001abc5000 JavaThread "Cache worker for journal cache (C:\Users\Admin\.gradle\wrapper\dists\gradle-6.5-all\caches\journal-1)" [_thread_blocked, id=9632, stack(0x000000001ce50000,0x000000001cf50000)]
  0x0000000019349800 JavaThread "Daemon periodic checks" [_thread_blocked, id=10588, stack(0x000000001c250000,0x000000001c350000)]
  0x000000001924c000 JavaThread "Incoming local TCP Connector on port 49870" [_thread_in_native, id=6660, stack(0x000000001c010000,0x000000001c110000)]
  0x000000001aa18000 JavaThread "Daemon health stats" [_thread_blocked, id=3128, stack(0x000000001b9d0000,0x000000001bad0000)]
  0x0000000018a60800 JavaThread "Service Thread" daemon [_thread_blocked, id=10420, stack(0x0000000018e30000,0x0000000018f30000)]
  0x0000000017102000 JavaThread "C1 CompilerThread2" daemon [_thread_blocked, id=8944, stack(0x0000000018930000,0x0000000018a30000)]
  0x00000000170fb000 JavaThread "C2 CompilerThread1" daemon [_thread_blocked, id=8208, stack(0x0000000018830000,0x0000000018930000)]
  0x00000000170f1000 JavaThread "C2 CompilerThread0" daemon [_thread_blocked, id=8452, stack(0x0000000018730000,0x0000000018830000)]
  0x00000000170f0000 JavaThread "Attach Listener" daemon [_thread_blocked, id=5988, stack(0x0000000018630000,0x0000000018730000)]
  0x00000000170f5800 JavaThread "Signal Dispatcher" daemon [_thread_blocked, id=6188, stack(0x0000000018530000,0x0000000018630000)]
  0x000000000243b000 JavaThread "Finalizer" daemon [_thread_blocked, id=9548, stack(0x0000000018340000,0x0000000018440000)]
  0x00000000170d9000 JavaThread "Reference Handler" daemon [_thread_blocked, id=10344, stack(0x0000000018240000,0x0000000018340000)]
  0x00000000024cd800 JavaThread "main" [_thread_blocked, id=3952, stack(0x0000000000a50000,0x0000000000b50000)]

Other Threads:
  0x00000000170b6000 VMThread [stack: 0x0000000018140000,0x0000000018240000] [id=8340]
  0x000000001714c800 WatcherThread [stack: 0x0000000018f30000,0x0000000019030000] [id=8424]

=>0x000000000235a000 (exited) GCTaskThread [stack: 0x0000000012150000,0x0000000012250000] [id=8828]

VM state:at safepoint (normal execution)

VM Mutex/Monitor currently owned by a thread:  ([mutex/lock_event])
[0x00000000024cc380] Threads_lock - owner thread: 0x00000000170b6000
[0x00000000024cd180] Heap_lock - owner thread: 0x000000002d855000

heap address: 0x0000000080000000, size: 2048 MB, Compressed Oops mode: 32-bit
Narrow klass base: 0x0000000000000000, Narrow klass shift: 3
Compressed class space size: 1073741824 Address: 0x0000000100000000

Heap:
 PSYoungGen      total 586752K, used 71586K [0x00000000d5580000, 0x0000000100000000, 0x0000000100000000)
  eden space 485888K, 0% used [0x00000000d5580000,0x00000000d5580000,0x00000000f3000000)
  from space 100864K, 70% used [0x00000000f9d80000,0x00000000fe3689a0,0x0000000100000000)
  to   space 106496K, 0% used [0x00000000f3000000,0x00000000f3000000,0x00000000f9800000)
 ParOldGen       total 169472K, used 146111K [0x0000000080000000, 0x000000008a580000, 0x00000000d5580000)
  object space 169472K, 86% used [0x0000000080000000,0x0000000088eaff58,0x000000008a580000)
 Metaspace       used 156058K, capacity 163846K, committed 163916K, reserved 1191936K
  class space    used 20237K, capacity 21872K, committed 21888K, reserved 1048576K

Card table byte_map: [0x0000000011890000,0x0000000011ca0000] byte_map_base: 0x0000000011490000

Marking Bits: (ParMarkBitMap*) 0x000000006c08f030
 Begin Bits: [0x0000000012350000, 0x0000000014350000)
 End Bits:   [0x0000000014350000, 0x0000000016350000)

Polling page: 0x0000000000b50000

CodeCache: size=245760Kb used=62994Kb max_used=62994Kb free=182765Kb
 bounds [0x00000000024d0000, 0x00000000062b0000, 0x00000000114d0000]
 total_blobs=18390 nmethods=17463 adapters=838
 compilation: enabled

Compilation events (10 events):
Event: 2741.842 Thread 0x0000000017102000 22010       3       com.sun.org.apache.xerces.internal.dom.DocumentImpl::removedNode (21 bytes)
Event: 2741.843 Thread 0x0000000017102000 nmethod 22010 0x00000000062ab150 code [0x00000000062ab2e0, 0x00000000062ab7b8]
Event: 2741.843 Thread 0x0000000017102000 22011       3       com.sun.org.apache.xerces.internal.dom.CoreDocumentImpl::setUserDataTable (35 bytes)
Event: 2741.844 Thread 0x0000000017102000 nmethod 22011 0x00000000062ab9d0 code [0x00000000062abb60, 0x00000000062abf88]
Event: 2741.844 Thread 0x0000000017102000 22012       3       com.sun.org.apache.xerces.internal.dom.ElementImpl::reconcileDefaultAttributes (21 bytes)
Event: 2741.844 Thread 0x0000000017102000 nmethod 22012 0x00000000062ac150 code [0x00000000062ac2c0, 0x00000000062ac558]
Event: 2741.844 Thread 0x0000000017102000 22013       3       com.sun.org.apache.xerces.internal.dom.ParentNode::checkNormalizationAfterRemove (35 bytes)
Event: 2741.845 Thread 0x0000000017102000 nmethod 22013 0x00000000062ac650 code [0x00000000062ac7e0, 0x00000000062acc68]
Event: 2741.846 Thread 0x0000000017102000 22018       3       com.sun.org.apache.xerces.internal.dom.ElementImpl::getAttributes (36 bytes)
Event: 2741.847 Thread 0x0000000017102000 nmethod 22018 0x00000000062acd90 code [0x00000000062acf20, 0x00000000062ad4a8]

GC Heap History (10 events):
Event: 735.636 GC heap after
Heap after GC invocations=28 (full 4):
 PSYoungGen      total 513536K, used 38517K [0x00000000d5580000, 0x00000000f8c00000, 0x0000000100000000)
  eden space 458240K, 0% used [0x00000000d5580000,0x00000000d5580000,0x00000000f1500000)
  from space 55296K, 69% used [0x00000000f4d80000,0x00000000f731d618,0x00000000f8380000)
  to   space 57856K, 0% used [0x00000000f1500000,0x00000000f1500000,0x00000000f4d80000)
 ParOldGen       total 169472K, used 91375K [0x0000000080000000, 0x000000008a580000, 0x00000000d5580000)
  object space 169472K, 53% used [0x0000000080000000,0x000000008593bc00,0x000000008a580000)
 Metaspace       used 119712K, capacity 125156K, committed 125260K, reserved 1157120K
  class space    used 15642K, capacity 16764K, committed 16768K, reserved 1048576K
}
Event: 749.531 GC heap before
{Heap before GC invocations=29 (full 4):
 PSYoungGen      total 513536K, used 496757K [0x00000000d5580000, 0x00000000f8c00000, 0x0000000100000000)
  eden space 458240K, 100% used [0x00000000d5580000,0x00000000f1500000,0x00000000f1500000)
  from space 55296K, 69% used [0x00000000f4d80000,0x00000000f731d618,0x00000000f8380000)
  to   space 57856K, 0% used [0x00000000f1500000,0x00000000f1500000,0x00000000f4d80000)
 ParOldGen       total 169472K, used 91375K [0x0000000080000000, 0x000000008a580000, 0x00000000d5580000)
  object space 169472K, 53% used [0x0000000080000000,0x000000008593bc00,0x000000008a580000)
 Metaspace       used 121037K, capacity 126806K, committed 127052K, reserved 1159168K
  class space    used 15814K, capacity 16985K, committed 17024K, reserved 1048576K
Event: 749.737 GC heap after
Heap after GC invocations=29 (full 4):
 PSYoungGen      total 516096K, used 57015K [0x00000000d5580000, 0x00000000fcb00000, 0x0000000100000000)
  eden space 458240K, 0% used [0x00000000d5580000,0x00000000d5580000,0x00000000f1500000)
  from space 57856K, 98% used [0x00000000f1500000,0x00000000f4cadd30,0x00000000f4d80000)
  to   space 66048K, 0% used [0x00000000f8a80000,0x00000000f8a80000,0x00000000fcb00000)
 ParOldGen       total 169472K, used 91383K [0x0000000080000000, 0x000000008a580000, 0x00000000d5580000)
  object space 169472K, 53% used [0x0000000080000000,0x000000008593dc00,0x000000008a580000)
 Metaspace       used 121037K, capacity 126806K, committed 127052K, reserved 1159168K
  class space    used 15814K, capacity 16985K, committed 17024K, reserved 1048576K
}
Event: 819.314 GC heap before
{Heap before GC invocations=30 (full 4):
 PSYoungGen      total 516096K, used 515255K [0x00000000d5580000, 0x00000000fcb00000, 0x0000000100000000)
  eden space 458240K, 100% used [0x00000000d5580000,0x00000000f1500000,0x00000000f1500000)
  from space 57856K, 98% used [0x00000000f1500000,0x00000000f4cadd30,0x00000000f4d80000)
  to   space 66048K, 0% used [0x00000000f8a80000,0x00000000f8a80000,0x00000000fcb00000)
 ParOldGen       total 169472K, used 91383K [0x0000000080000000, 0x000000008a580000, 0x00000000d5580000)
  object space 169472K, 53% used [0x0000000080000000,0x000000008593dc00,0x000000008a580000)
 Metaspace       used 140328K, capacity 147098K, committed 147276K, reserved 1177600K
  class space    used 18286K, capacity 19720K, committed 19840K, reserved 1048576K
Event: 820.881 GC heap after
Heap after GC invocations=30 (full 4):
 PSYoungGen      total 559104K, used 66022K [0x00000000d5580000, 0x00000000ff280000, 0x0000000100000000)
  eden space 493056K, 0% used [0x00000000d5580000,0x00000000d5580000,0x00000000f3700000)
  from space 66048K, 99% used [0x00000000f8a80000,0x00000000fcaf9928,0x00000000fcb00000)
  to   space 85504K, 0% used [0x00000000f3700000,0x00000000f3700000,0x00000000f8a80000)
 ParOldGen       total 169472K, used 115789K [0x0000000080000000, 0x000000008a580000, 0x00000000d5580000)
  object space 169472K, 68% used [0x0000000080000000,0x0000000087113450,0x000000008a580000)
 Metaspace       used 140328K, capacity 147098K, committed 147276K, reserved 1177600K
  class space    used 18286K, capacity 19720K, committed 19840K, reserved 1048576K
}
Event: 2737.014 GC heap before
{Heap before GC invocations=31 (full 4):
 PSYoungGen      total 559104K, used 559078K [0x00000000d5580000, 0x00000000ff280000, 0x0000000100000000)
  eden space 493056K, 100% used [0x00000000d5580000,0x00000000f3700000,0x00000000f3700000)
  from space 66048K, 99% used [0x00000000f8a80000,0x00000000fcaf9928,0x00000000fcb00000)
  to   space 85504K, 0% used [0x00000000f3700000,0x00000000f3700000,0x00000000f8a80000)
 ParOldGen       total 169472K, used 115789K [0x0000000080000000, 0x000000008a580000, 0x00000000d5580000)
  object space 169472K, 68% used [0x0000000080000000,0x0000000087113450,0x000000008a580000)
 Metaspace       used 155053K, capacity 162836K, committed 163148K, reserved 1189888K
  class space    used 20139K, capacity 21777K, committed 21888K, reserved 1048576K
Event: 2738.628 GC heap after
Heap after GC invocations=31 (full 4):
 PSYoungGen      total 578560K, used 85499K [0x00000000d5580000, 0x0000000100000000, 0x0000000100000000)
  eden space 493056K, 0% used [0x00000000d5580000,0x00000000d5580000,0x00000000f3700000)
  from space 85504K, 99% used [0x00000000f3700000,0x00000000f8a7ee68,0x00000000f8a80000)
  to   space 100864K, 0% used [0x00000000f9d80000,0x00000000f9d80000,0x0000000100000000)
 ParOldGen       total 169472K, used 120504K [0x0000000080000000, 0x000000008a580000, 0x00000000d5580000)
  object space 169472K, 71% used [0x0000000080000000,0x00000000875ae180,0x000000008a580000)
 Metaspace       used 155053K, capacity 162836K, committed 163148K, reserved 1189888K
  class space    used 20139K, capacity 21777K, committed 21888K, reserved 1048576K
}
Event: 2741.850 GC heap before
{Heap before GC invocations=32 (full 4):
 PSYoungGen      total 578560K, used 215498K [0x00000000d5580000, 0x0000000100000000, 0x0000000100000000)
  eden space 493056K, 26% used [0x00000000d5580000,0x00000000dd473ab0,0x00000000f3700000)
  from space 85504K, 99% used [0x00000000f3700000,0x00000000f8a7ee68,0x00000000f8a80000)
  to   space 100864K, 0% used [0x00000000f9d80000,0x00000000f9d80000,0x0000000100000000)
 ParOldGen       total 169472K, used 120504K [0x0000000080000000, 0x000000008a580000, 0x00000000d5580000)
  object space 169472K, 71% used [0x0000000080000000,0x00000000875ae180,0x000000008a580000)
 Metaspace       used 156058K, capacity 163846K, committed 163916K, reserved 1191936K
  class space    used 20237K, capacity 21872K, committed 21888K, reserved 1048576K
Event: 2742.046 GC heap after
Heap after GC invocations=32 (full 4):
 PSYoungGen      total 586752K, used 71586K [0x00000000d5580000, 0x0000000100000000, 0x0000000100000000)
  eden space 485888K, 0% used [0x00000000d5580000,0x00000000d5580000,0x00000000f3000000)
  from space 100864K, 70% used [0x00000000f9d80000,0x00000000fe3689a0,0x0000000100000000)
  to   space 106496K, 0% used [0x00000000f3000000,0x00000000f3000000,0x00000000f9800000)
 ParOldGen       total 169472K, used 146111K [0x0000000080000000, 0x000000008a580000, 0x00000000d5580000)
  object space 169472K, 86% used [0x0000000080000000,0x0000000088eaff58,0x000000008a580000)
 Metaspace       used 156058K, capacity 163846K, committed 163916K, reserved 1191936K
  class space    used 20237K, capacity 21872K, committed 21888K, reserved 1048576K
}
Event: 2742.047 GC heap before
{Heap before GC invocations=33 (full 5):
 PSYoungGen      total 586752K, used 71586K [0x00000000d5580000, 0x0000000100000000, 0x0000000100000000)
  eden space 485888K, 0% used [0x00000000d5580000,0x00000000d5580000,0x00000000f3000000)
  from space 100864K, 70% used [0x00000000f9d80000,0x00000000fe3689a0,0x0000000100000000)
  to   space 106496K, 0% used [0x00000000f3000000,0x00000000f3000000,0x00000000f9800000)
 ParOldGen       total 169472K, used 146111K [0x0000000080000000, 0x000000008a580000, 0x00000000d5580000)
  object space 169472K, 86% used [0x0000000080000000,0x0000000088eaff58,0x000000008a580000)
 Metaspace       used 156058K, capacity 163846K, committed 163916K, reserved 1191936K
  class space    used 20237K, capacity 21872K, committed 21888K, reserved 1048576K

Deoptimization events (10 events):
Event: 2741.806 Thread 0x0000000020896800 Uncommon trap: reason=bimorphic action=maybe_recompile pc=0x000000000613f428 method=com.sun.org.apache.xerces.internal.dom.CoreDocumentImpl.isKidOK(Lorg/w3c/dom/Node;Lorg/w3c/dom/Node;)Z @ 39
Event: 2741.806 Thread 0x0000000020896800 Uncommon trap: reason=bimorphic action=maybe_recompile pc=0x000000000613f428 method=com.sun.org.apache.xerces.internal.dom.CoreDocumentImpl.isKidOK(Lorg/w3c/dom/Node;Lorg/w3c/dom/Node;)Z @ 39
Event: 2741.806 Thread 0x0000000020896800 Uncommon trap: reason=bimorphic action=maybe_recompile pc=0x0000000006139a78 method=com.sun.org.apache.xerces.internal.dom.CoreDocumentImpl.isKidOK(Lorg/w3c/dom/Node;Lorg/w3c/dom/Node;)Z @ 39
Event: 2741.836 Thread 0x0000000020896800 Uncommon trap: reason=unstable_if action=reinterpret pc=0x00000000061a0f1c method=com.sun.org.apache.xerces.internal.dom.ElementImpl.getAttributes()Lorg/w3c/dom/NamedNodeMap; @ 4
Event: 2741.836 Thread 0x0000000020896800 Uncommon trap: reason=bimorphic action=maybe_recompile pc=0x0000000006136630 method=com.sun.org.apache.xerces.internal.dom.AttributeMap.setNamedItem(Lorg/w3c/dom/Node;)Lorg/w3c/dom/Node; @ 4
Event: 2741.847 Thread 0x0000000020896800 Uncommon trap: reason=bimorphic action=maybe_recompile pc=0x0000000006136630 method=com.sun.org.apache.xerces.internal.dom.AttributeMap.setNamedItem(Lorg/w3c/dom/Node;)Lorg/w3c/dom/Node; @ 4
Event: 2741.847 Thread 0x0000000020896800 Uncommon trap: reason=class_check action=maybe_recompile pc=0x0000000002f294a0 method=com.sun.org.apache.xerces.internal.dom.NodeImpl.ownerDocument()Lcom/sun/org/apache/xerces/internal/dom/CoreDocumentImpl; @ 11
Event: 2741.847 Thread 0x0000000020896800 Uncommon trap: reason=class_check action=maybe_recompile pc=0x0000000002f294a0 method=com.sun.org.apache.xerces.internal.dom.NodeImpl.ownerDocument()Lcom/sun/org/apache/xerces/internal/dom/CoreDocumentImpl; @ 11
Event: 2741.848 Thread 0x0000000020896800 Uncommon trap: reason=class_check action=maybe_recompile pc=0x0000000002f294a0 method=com.sun.org.apache.xerces.internal.dom.NodeImpl.ownerDocument()Lcom/sun/org/apache/xerces/internal/dom/CoreDocumentImpl; @ 11
Event: 2741.848 Thread 0x0000000020896800 Uncommon trap: reason=class_check action=maybe_recompile pc=0x0000000002f294a0 method=com.sun.org.apache.xerces.internal.dom.NodeImpl.ownerDocument()Lcom/sun/org/apache/xerces/internal/dom/CoreDocumentImpl; @ 11

Classes redefined (0 events):
No events

Internal exceptions (10 events):
Event: 2741.570 Thread 0x0000000020896800 Exception <a 'java/lang/NoSuchMethodError': <clinit>> (0x00000000dc8c8a80) thrown at [C:\src\AOSP-openjdk-git\hotspot\src\share\vm\prims\jni.cpp, line 1615]
Event: 2741.573 Thread 0x0000000020896800 Exception <a 'java/lang/NoSuchMethodError': <clinit>> (0x00000000dc925328) thrown at [C:\src\AOSP-openjdk-git\hotspot\src\share\vm\prims\jni.cpp, line 1615]
Event: 2741.582 Thread 0x0000000020896800 Exception <a 'java/lang/NoSuchMethodError': <clinit>> (0x00000000dc956390) thrown at [C:\src\AOSP-openjdk-git\hotspot\src\share\vm\prims\jni.cpp, line 1615]
Event: 2741.582 Thread 0x0000000020896800 Exception <a 'java/lang/NoSuchMethodError': <clinit>> (0x00000000dc95b560) thrown at [C:\src\AOSP-openjdk-git\hotspot\src\share\vm\prims\jni.cpp, line 1615]
Event: 2741.582 Thread 0x0000000020896800 Exception <a 'java/lang/NoSuchMethodError': <clinit>> (0x00000000dc95f198) thrown at [C:\src\AOSP-openjdk-git\hotspot\src\share\vm\prims\jni.cpp, line 1615]
Event: 2741.584 Thread 0x0000000020896800 Exception <a 'java/lang/NoSuchMethodError': <clinit>> (0x00000000dc97b690) thrown at [C:\src\AOSP-openjdk-git\hotspot\src\share\vm\prims\jni.cpp, line 1615]
Event: 2741.586 Thread 0x0000000020896800 Exception <a 'java/lang/NoSuchMethodError': <clinit>> (0x00000000dc995ed0) thrown at [C:\src\AOSP-openjdk-git\hotspot\src\share\vm\prims\jni.cpp, line 1615]
Event: 2741.589 Thread 0x0000000020896800 Exception <a 'java/lang/NoSuchMethodError': <clinit>> (0x00000000dc9ba928) thrown at [C:\src\AOSP-openjdk-git\hotspot\src\share\vm\prims\jni.cpp, line 1615]
Event: 2741.591 Thread 0x0000000020896800 Exception <a 'java/lang/NoSuchMethodError': <clinit>> (0x00000000dc9d14d0) thrown at [C:\src\AOSP-openjdk-git\hotspot\src\share\vm\prims\jni.cpp, line 1615]
Event: 2741.657 Thread 0x0000000020896800 Exception <a 'java/lang/NoSuchMethodError': <clinit>> (0x00000000dcc25cf0) thrown at [C:\src\AOSP-openjdk-git\hotspot\src\share\vm\prims\jni.cpp, line 1615]

Events (10 events):
Event: 2741.847 loading class java/awt/image/DirectColorModel done
Event: 2741.848 loading class java/awt/color/ColorSpace
Event: 2741.848 Thread 0x0000000020896800 Uncommon trap: trap_request=0xffffffde fr.pc=0x0000000002f294a0
Event: 2741.848 Thread 0x0000000020896800 DEOPT PACKING pc=0x0000000002f294a0 sp=0x00000000402c87d0
Event: 2741.848 Thread 0x0000000020896800 DEOPT UNPACKING pc=0x000000000251557b sp=0x00000000402c8768 mode 2
Event: 2741.848 Thread 0x0000000020896800 Uncommon trap: trap_request=0xffffffde fr.pc=0x0000000002f294a0
Event: 2741.848 Thread 0x0000000020896800 DEOPT PACKING pc=0x0000000002f294a0 sp=0x00000000402c87c0
Event: 2741.848 Thread 0x0000000020896800 DEOPT UNPACKING pc=0x000000000251557b sp=0x00000000402c8758 mode 2
Event: 2741.849 loading class java/awt/color/ColorSpace done
Event: 2741.849 Executing VM operation: CollectForMetadataAllocation


Dynamic libraries:
0x00007ff646580000 - 0x00007ff6465b1000 	C:\Program Files\Android\Android Studio\jre\bin\java.exe
0x00007ffc0e750000 - 0x00007ffc0e931000 	C:\Windows\SYSTEM32\ntdll.dll
0x00007ffc0bdb0000 - 0x00007ffc0be62000 	C:\Windows\System32\KERNEL32.DLL
0x00007ffc0b1b0000 - 0x00007ffc0b423000 	C:\Windows\System32\KERNELBASE.dll
0x00007ffc0bf10000 - 0x00007ffc0bfb1000 	C:\Windows\System32\ADVAPI32.dll
0x00007ffc0be70000 - 0x00007ffc0bf0e000 	C:\Windows\System32\msvcrt.dll
0x00007ffc0e6c0000 - 0x00007ffc0e71b000 	C:\Windows\System32\sechost.dll
0x00007ffc0db80000 - 0x00007ffc0dca4000 	C:\Windows\System32\RPCRT4.dll
0x00007ffc0bbe0000 - 0x00007ffc0bd70000 	C:\Windows\System32\USER32.dll
0x00007ffc0ac20000 - 0x00007ffc0ac40000 	C:\Windows\System32\win32u.dll
0x00007ffc0e690000 - 0x00007ffc0e6b8000 	C:\Windows\System32\GDI32.dll
0x00007ffc0af60000 - 0x00007ffc0b0f2000 	C:\Windows\System32\gdi32full.dll
0x00007ffc0bb40000 - 0x00007ffc0bbdf000 	C:\Windows\System32\msvcp_win.dll
0x00007ffc0ab20000 - 0x00007ffc0ac1a000 	C:\Windows\System32\ucrtbase.dll
0x00007ffbf9180000 - 0x00007ffbf93e9000 	C:\Windows\WinSxS\amd64_microsoft.windows.common-controls_6595b64144ccf1df_6.0.17134.191_none_fb3e94b130690543\COMCTL32.dll
0x00007ffc0c080000 - 0x00007ffc0c3a3000 	C:\Windows\System32\combase.dll
0x00007ffc0ac40000 - 0x00007ffc0acba000 	C:\Windows\System32\bcryptPrimitives.dll
0x00007ffc0bd70000 - 0x00007ffc0bd9d000 	C:\Windows\System32\IMM32.DLL
0x000000006b7e0000 - 0x000000006b8b2000 	C:\Program Files\Android\Android Studio\jre\jre\bin\msvcr100.dll
0x000000006b8c0000 - 0x000000006c10b000 	C:\Program Files\Android\Android Studio\jre\jre\bin\server\jvm.dll
0x00007ffc0bda0000 - 0x00007ffc0bda8000 	C:\Windows\System32\PSAPI.DLL
0x00007ffc03c70000 - 0x00007ffc03c7a000 	C:\Windows\SYSTEM32\VERSION.dll
0x00007ffc07750000 - 0x00007ffc07773000 	C:\Windows\SYSTEM32\WINMM.dll
0x00007ffbfb1b0000 - 0x00007ffbfb1b9000 	C:\Windows\SYSTEM32\WSOCK32.dll
0x00007ffc0e480000 - 0x00007ffc0e4ec000 	C:\Windows\System32\WS2_32.dll
0x00007ffc07720000 - 0x00007ffc0774a000 	C:\Windows\SYSTEM32\WINMMBASE.dll
0x00007ffc0b160000 - 0x00007ffc0b1a9000 	C:\Windows\System32\cfgmgr32.dll
0x00007ffbfe7c0000 - 0x00007ffbfe7cf000 	C:\Program Files\Android\Android Studio\jre\jre\bin\verify.dll
0x00007ffbfd050000 - 0x00007ffbfd079000 	C:\Program Files\Android\Android Studio\jre\jre\bin\java.dll
0x00007ffbfd030000 - 0x00007ffbfd046000 	C:\Program Files\Android\Android Studio\jre\jre\bin\zip.dll
0x00007ffc0c3b0000 - 0x00007ffc0d7f0000 	C:\Windows\System32\SHELL32.dll
0x00007ffc0d800000 - 0x00007ffc0d8a9000 	C:\Windows\System32\shcore.dll
0x00007ffc0b430000 - 0x00007ffc0bb3d000 	C:\Windows\System32\windows.storage.dll
0x00007ffc0c020000 - 0x00007ffc0c071000 	C:\Windows\System32\shlwapi.dll
0x00007ffc0ab00000 - 0x00007ffc0ab11000 	C:\Windows\System32\kernel.appcore.dll
0x00007ffc0aad0000 - 0x00007ffc0aaef000 	C:\Windows\System32\profapi.dll
0x00007ffc0aa60000 - 0x00007ffc0aaac000 	C:\Windows\System32\powrprof.dll
0x00007ffc0aaf0000 - 0x00007ffc0aafa000 	C:\Windows\System32\FLTLIB.DLL
0x00007ffbfd010000 - 0x00007ffbfd02a000 	C:\Program Files\Android\Android Studio\jre\jre\bin\net.dll
0x00007ffc0a2e0000 - 0x00007ffc0a346000 	C:\Windows\system32\mswsock.dll
0x00007ffbfcff0000 - 0x00007ffbfd003000 	C:\Program Files\Android\Android Studio\jre\jre\bin\nio.dll
0x00007ffbf3530000 - 0x00007ffbf3557000 	C:\Users\Admin\.gradle\wrapper\dists\gradle-6.5-all\native\f6784746aeab05261644944871eae4fe03e0ef1612fff0a4a95f87b438bc6780\windows-amd64\native-platform.dll
0x00007ffbfe070000 - 0x00007ffbfe07d000 	C:\Program Files\Android\Android Studio\jre\jre\bin\management.dll
0x00007ffc0a490000 - 0x00007ffc0a4a7000 	C:\Windows\SYSTEM32\CRYPTSP.dll
0x00007ffc09ec0000 - 0x00007ffc09ef3000 	C:\Windows\system32\rsaenh.dll
0x00007ffc0a5c0000 - 0x00007ffc0a5e5000 	C:\Windows\SYSTEM32\bcrypt.dll
0x00007ffc0a960000 - 0x00007ffc0a988000 	C:\Windows\SYSTEM32\USERENV.dll
0x00007ffc0a4b0000 - 0x00007ffc0a4bb000 	C:\Windows\SYSTEM32\CRYPTBASE.dll
0x00007ffc0a060000 - 0x00007ffc0a098000 	C:\Windows\SYSTEM32\IPHLPAPI.DLL
0x00007ffc0e470000 - 0x00007ffc0e478000 	C:\Windows\System32\NSI.dll
0x00007ffc03c50000 - 0x00007ffc03c66000 	C:\Windows\SYSTEM32\dhcpcsvc6.DLL
0x00007ffc03d60000 - 0x00007ffc03d7a000 	C:\Windows\SYSTEM32\dhcpcsvc.DLL
0x00007ffc03e90000 - 0x00007ffc03e9b000 	C:\Windows\SYSTEM32\WINNSI.DLL
0x00007ffbf8880000 - 0x00007ffbf88a4000 	C:\Program Files\Android\Android Studio\jre\jre\bin\sunec.dll
0x00007ffc0a0a0000 - 0x00007ffc0a15e000 	C:\Windows\SYSTEM32\DNSAPI.dll
0x00007ffbfe4a0000 - 0x00007ffbfe4aa000 	C:\Windows\System32\rasadhlp.dll
0x00007ffbfede0000 - 0x00007ffbfee52000 	C:\Windows\System32\fwpuclnt.dll
0x00007ffbfcf00000 - 0x00007ffbfcf0b000 	C:\Program Files\Android\Android Studio\jre\jre\bin\sunmscapi.dll
0x00007ffc0acc0000 - 0x00007ffc0aea2000 	C:\Windows\System32\CRYPT32.dll
0x00007ffc0aab0000 - 0x00007ffc0aac2000 	C:\Windows\System32\MSASN1.dll
0x00007ffc09bd0000 - 0x00007ffc09c01000 	C:\Windows\SYSTEM32\ntmarta.dll
0x00007ffbf5400000 - 0x00007ffbf559c000 	C:\Program Files\Android\Android Studio\jre\jre\bin\awt.dll
0x00007ffc0d8b0000 - 0x00007ffc0d972000 	C:\Windows\System32\OLEAUT32.dll
0x00007ffc091b0000 - 0x00007ffc091d9000 	C:\Windows\SYSTEM32\dwmapi.dll
0x00007ffc080f0000 - 0x00007ffc086b7000 	C:\Windows\SYSTEM32\d2d1.dll
0x00007ffc08da0000 - 0x00007ffc08e2b000 	C:\Windows\SYSTEM32\apphelp.dll
0x00007ffbfad40000 - 0x00007ffbfaf09000 	C:\Windows\SYSTEM32\dbghelp.dll

VM Arguments:
jvm_args: -Xmx2048m -Dfile.encoding=UTF-8 -Duser.country=IN -Duser.language=en -Duser.variant 
java_command: org.gradle.launcher.daemon.bootstrap.GradleDaemon 6.5
java_class_path (initial): C:\Users\Admin\.gradle\wrapper\dists\gradle-6.5-all\wrapper\dists\gradle-6.5-bin\6nifqtx7604sqp1q6g8wikw7p\gradle-6.5\lib\gradle-launcher-6.5.jar
Launcher Type: SUN_STANDARD

Environment Variables:
PATH=C:\Windows\system32;C:\Windows;C:\Windows\System32\Wbem;C:\Windows\System32\WindowsPowerShell\v1.0\;C:\Windows\System32\OpenSSH\;C:\Program Files\Git\cmd;C:\Users\Admin\AppData\Local\Microsoft\WindowsApps;
USERNAME=Admin
OS=Windows_NT
PROCESSOR_IDENTIFIER=Intel64 Family 6 Model 42 Stepping 7, GenuineIntel



---------------  S Y S T E M  ---------------

OS: Windows 10.0 , 64 bit Build 17134 (10.0.17134.1)

CPU:total 4 (initial active 4) (2 cores per cpu, 2 threads per core) family 6 model 42 stepping 7, cmov, cx8, fxsr, mmx, sse, sse2, sse3, ssse3, sse4.1, sse4.2, popcnt, avx, clmul, ht, tsc, tscinvbit

Memory: 4k page, physical 4030952k(224492k free), swap 9535976k(3920184k free)

vm_info: OpenJDK 64-Bit Server VM (25.242-b01) for windows-amd64 JRE (1.8.0_242-release-1644-b01), built by "builder" with MS VC++ 10.0 (VS2010)

time: Tue Feb 16 11:22:54 2021
timezone: India Standard Time
elapsed time: 2742 seconds (0d 0h 45m 42s)

